<?xml version="1.0" encoding="UTF-8"?>
<testng-results ignored="0" total="2" passed="2" failed="0" skipped="0">
  <reporter-output>
  </reporter-output>
  <suite started-at="2020-12-11T12:26:26 IST" name="Suite" finished-at="2020-12-11T12:26:26 IST" duration-ms="27">
    <groups>
    </groups>
    <test started-at="2020-12-11T12:26:26 IST" name="Test" finished-at="2020-12-11T12:26:26 IST" duration-ms="27">
      <class name="qaclickacademy.AppiumTest">
        <test-method signature="iosapps()[pri:0, instance:qaclickacademy.AppiumTest@7fc229ab]" started-at="2020-12-11T12:26:26 IST" name="iosapps" finished-at="2020-12-11T12:26:26 IST" duration-ms="4" status="PASS">
          <reporter-output>
          </reporter-output>
        </test-method> <!-- iosapps -->
        <test-method signature="nativeandroid()[pri:0, instance:qaclickacademy.AppiumTest@7fc229ab]" started-at="2020-12-11T12:26:26 IST" name="nativeandroid" finished-at="2020-12-11T12:26:26 IST" duration-ms="0" status="PASS">
          <reporter-output>
          </reporter-output>
        </test-method> <!-- nativeandroid -->
      </class> <!-- qaclickacademy.AppiumTest -->
    </test> <!-- Test -->
  </suite> <!-- Suite -->
</testng-results>
